Wed 15 Mar 2023 07:19:51 PM UTC: 
 exercises.c | 5 ++++-
 1 file changed, 4 insertions(+), 1 deletion(-)
In file included from test.c:5:
exercises.c: In function ‘swap’:
exercises.c:18:4: error: expected expression before ‘=’ token
   18 | a* = *b;
      |    ^
Compilation failed
09581c4
Wed 15 Mar 2023 07:19:59 PM UTC: 
 exercises.c | 2 +-
 1 file changed, 1 insertion(+), 1 deletion(-)
 tests:  0|7
total_score: 0/70
31b9ee9
Wed 15 Mar 2023 07:20:33 PM UTC: 
 exercises.c | 4 ++--
 1 file changed, 2 insertions(+), 2 deletions(-)
In file included from test.c:5:
exercises.c: In function ‘swap’:
exercises.c:17:1: error: invalid type argument of unary ‘*’ (have ‘int’)
   17 | *aux = *a;
      | ^~~~
exercises.c:19:6: error: invalid type argument of unary ‘*’ (have ‘int’)
   19 | *a = *aux;
      |      ^~~~
Compilation failed
ba3a80d
Wed 15 Mar 2023 07:23:26 PM UTC: 
 exercises.c | 6 +++---
 1 file changed, 3 insertions(+), 3 deletions(-)
In file included from test.c:5:
exercises.c: In function ‘swap’:
exercises.c:18:3: error: assignment to ‘int *’ from ‘int’ makes pointer from integer without a cast [-Werror=int-conversion]
   18 | a = *b;
      |   ^
exercises.c:19:3: error: assignment to ‘int *’ from ‘int’ makes pointer from integer without a cast [-Werror=int-conversion]
   19 | a = aux;
      |   ^
cc1: all warnings being treated as errors
Compilation failed
dd631ec
Wed 15 Mar 2023 07:23:51 PM UTC: 
 exercises.c | 6 +++---
 1 file changed, 3 insertions(+), 3 deletions(-)
In file included from test.c:5:
exercises.c: In function ‘swap’:
exercises.c:18:3: error: assignment to ‘int *’ from ‘int’ makes pointer from integer without a cast [-Werror=int-conversion]
   18 | a = *b;
      |   ^
exercises.c:19:3: error: assignment to ‘int *’ from ‘int’ makes pointer from integer without a cast [-Werror=int-conversion]
   19 | a = *aux;
      |   ^
exercises.c:17:6: error: ‘aux’ is used uninitialized [-Werror=uninitialized]
   17 | *aux = *a;
      | ~~~~~^~~~
cc1: all warnings being treated as errors
Compilation failed
d33019b
Wed 15 Mar 2023 07:25:24 PM UTC: 
 exercises.c | 7 +++----
 1 file changed, 3 insertions(+), 4 deletions(-)
 tests:  1|6
total_score: 10/70
c9d03bd
Wed 15 Mar 2023 07:38:43 PM UTC: 
 exercises.c | 10 +++++++++-
 1 file changed, 9 insertions(+), 1 deletion(-)
In file included from test.c:5:
exercises.c: In function ‘arrayMaxMin’:
exercises.c:29:6: error: statement with no effect [-Werror=unused-value]
   29 |   min[0];
      |   ~~~^~~
exercises.c:30:6: error: statement with no effect [-Werror=unused-value]
   30 |   max[0];
      |   ~~~^~~
exercises.c:34:1: error: expected expression before ‘}’ token
   34 | }
      | ^
exercises.c: In function ‘crearPersona’:
exercises.c:56:5: error: ‘persona’ undeclared (first use in this function); did you mean ‘Persona’?
   56 |     persona.edad[i] = p;
      |     ^~~~~~~
      |     Persona
exercises.c:56:5: note: each undeclared identifier is reported only once for each function it appears in
exercises.c:55:3: error: this ‘for’ clause does not guard... [-Werror=misleading-indentation]
   55 |   for (int i = 0 ; i < 0 ; i++)
      |   ^~~
exercises.c:57:5: note: ...this statement, but the latter is misleadingly indented as if it were guarded by the ‘for’
   57 |     persona.rut[i] = p;
      |     ^~~~~~~
exercises.c:57:17: error: ‘i’ undeclared (first use in this function)
   57 |     persona.rut[i] = p;
      |                 ^
cc1: all warnings being treated as errors
Compilation failed
e1d15b1
Wed 15 Mar 2023 07:38:53 PM UTC: 
 exercises.c | 4 ----
 1 file changed, 4 deletions(-)
In file included from test.c:5:
exercises.c: In function ‘crearPersona’:
exercises.c:52:5: error: ‘persona’ undeclared (first use in this function); did you mean ‘Persona’?
   52 |     persona.edad[i] = p;
      |     ^~~~~~~
      |     Persona
exercises.c:52:5: note: each undeclared identifier is reported only once for each function it appears in
exercises.c:51:3: error: this ‘for’ clause does not guard... [-Werror=misleading-indentation]
   51 |   for (int i = 0 ; i < 0 ; i++)
      |   ^~~
exercises.c:53:5: note: ...this statement, but the latter is misleadingly indented as if it were guarded by the ‘for’
   53 |     persona.rut[i] = p;
      |     ^~~~~~~
exercises.c:53:17: error: ‘i’ undeclared (first use in this function)
   53 |     persona.rut[i] = p;
      |                 ^
cc1: all warnings being treated as errors
Compilation failed
0ff1352
Wed 15 Mar 2023 07:39:09 PM UTC: 
 exercises.c | 6 +++---
 1 file changed, 3 insertions(+), 3 deletions(-)
In file included from test.c:5:
exercises.c: In function ‘crearPersona’:
exercises.c:52:5: error: expected expression before ‘Persona’
   52 |     Persona.edad[i] = p;
      |     ^~~~~~~
exercises.c:51:3: error: this ‘for’ clause does not guard... [-Werror=misleading-indentation]
   51 |   for (int i = 0 ; i < 0 ; i++)
      |   ^~~
exercises.c:53:5: note: ...this statement, but the latter is misleadingly indented as if it were guarded by the ‘for’
   53 |     Persona.rut[i] = p;
      |     ^~~~~~~
exercises.c:53:12: error: expected identifier or ‘(’ before ‘.’ token
   53 |     Persona.rut[i] = p;
      |            ^
exercises.c:54:12: error: expected identifier or ‘(’ before ‘.’ token
   54 |     Persona.edad = p;
      |            ^
cc1: all warnings being treated as errors
Compilation failed
1ff76bc
Wed 15 Mar 2023 07:39:41 PM UTC: 
 exercises.c | 4 +++-
 1 file changed, 3 insertions(+), 1 deletion(-)
In file included from test.c:5:
exercises.c: In function ‘crearPersona’:
exercises.c:52:12: error: expected identifier or ‘(’ before ‘.’ token
   52 |     Persona.edad[i] = p;
      |            ^
exercises.c:53:12: error: expected identifier or ‘(’ before ‘.’ token
   53 |     Persona.rut[i] = p;
      |            ^
exercises.c:54:12: error: expected identifier or ‘(’ before ‘.’ token
   54 |     Persona.edad = p;
      |            ^
Compilation failed
89d5d49
Wed 15 Mar 2023 10:19:03 PM UTC: 
 exercises.c | 6 ++----
 1 file changed, 2 insertions(+), 4 deletions(-)
In file included from test.c:5:
exercises.c: In function ‘crearPersona’:
exercises.c:52:11: error: expected expression before ‘%’ token
   52 |     scanf(%s, Persona.nombre)
      |           ^
exercises.c:52:30: error: expected ‘;’ before ‘}’ token
   52 |     scanf(%s, Persona.nombre)
      |                              ^
      |                              ;
   53 |   }
      |   ~                           
Compilation failed
b035f58
Wed 15 Mar 2023 10:30:44 PM UTC: 
 exercises.c | 13 ++++++++-----
 1 file changed, 8 insertions(+), 5 deletions(-)
In file included from test.c:5:
exercises.c: In function ‘crearPersona’:
exercises.c:56:14: error: unused variable ‘p’ [-Werror=unused-variable]
   56 |    Persona * p = (Persona *) malloc(sizeof(Persona));
      |              ^
exercises.c:59:1: error: control reaches end of non-void function [-Werror=return-type]
   59 | }
      | ^
cc1: all warnings being treated as errors
Compilation failed
501339b
Wed 15 Mar 2023 10:31:20 PM UTC: 
 exercises.c | 3 ++-
 1 file changed, 2 insertions(+), 1 deletion(-)
In file included from test.c:5:
exercises.c: In function ‘crearPersona’:
exercises.c:57:14: error: unused variable ‘p’ [-Werror=unused-variable]
   57 |    Persona * p = (Persona *) malloc(sizeof(Persona));
      |              ^
exercises.c:60:1: error: control reaches end of non-void function [-Werror=return-type]
   60 | }
      | ^
cc1: all warnings being treated as errors
Compilation failed
15d8cbe
Wed 15 Mar 2023 10:32:30 PM UTC: 
 exercises.c | 6 ------
 1 file changed, 6 deletions(-)
test.c: In function ‘test_creaP’:
test.c:112:16: error: implicit declaration of function ‘crearPersona’ [-Werror=implicit-function-declaration]
  112 |     Persona* p=crearPersona(nombre, "15489XXX-2", edad);
      |                ^~~~~~~~~~~~
test.c:112:16: error: initialization of ‘Persona *’ from ‘int’ makes pointer from integer without a cast [-Werror=int-conversion]
cc1: all warnings being treated as errors
Compilation failed
89fef39
Wed 15 Mar 2023 10:32:57 PM UTC: 
 exercises.c | 5 +++++
 1 file changed, 5 insertions(+)
In file included from test.c:5:
exercises.c: In function ‘crearPersona’:
exercises.c:56:14: error: unused variable ‘p’ [-Werror=unused-variable]
   56 |    Persona * p = (Persona *) malloc(sizeof(Persona));
      |              ^
exercises.c:59:1: error: control reaches end of non-void function [-Werror=return-type]
   59 | }
      | ^
cc1: all warnings being treated as errors
Compilation failed
595c6dd
Wed 15 Mar 2023 10:49:15 PM UTC: 
 exercises.c | 9 ++++++---
 1 file changed, 6 insertions(+), 3 deletions(-)
 tests:  3|4
total_score: 30/70
f964058
Wed 15 Mar 2023 11:00:20 PM UTC: 
 exercises.c | 13 ++++++++-----
 1 file changed, 8 insertions(+), 5 deletions(-)
 tests:  2|5
total_score: 20/70
b5ae469
Wed 15 Mar 2023 11:21:41 PM UTC: 
 exercises.c | 4 +---
 1 file changed, 1 insertion(+), 3 deletions(-)
 tests:  3|4
total_score: 30/70
c4c2cef
Wed 15 Mar 2023 11:49:03 PM UTC: 
 exercises.c | 4 ++++
 1 file changed, 4 insertions(+)
 tests:  3|4
total_score: 30/70
317dd65
Wed 15 Mar 2023 11:51:23 PM UTC: 
 exercises.c | 3 +++
 1 file changed, 3 insertions(+)
 tests:  3|4
total_score: 30/70
2d9919d
Wed 15 Mar 2023 11:51:34 PM UTC: 
 exercises.c | 2 +-
 1 file changed, 1 insertion(+), 1 deletion(-)
 tests:  4|3
total_score: 40/70
56f894b
Thu 16 Mar 2023 12:31:53 AM UTC: 
 exercises.c | 3 ++-
 1 file changed, 2 insertions(+), 1 deletion(-)
In file included from test.c:5:
exercises.c: In function ‘asignarValor’:
exercises.c:95:2: error: ‘Vector’ has no member named ‘aux’
   95 | v->aux[i] = valor;
      |  ^~
Compilation failed
0f29549
Thu 16 Mar 2023 12:32:04 AM UTC: 
 exercises.c | 2 +-
 1 file changed, 1 insertion(+), 1 deletion(-)
 tests:  4|3
total_score: 40/70
78919b8
Thu 16 Mar 2023 12:34:30 AM UTC: 
 exercises.c | 2 +-
 1 file changed, 1 insertion(+), 1 deletion(-)
 tests:  6|2
total_score: 50/70
39c36c1
Thu 16 Mar 2023 12:46:43 AM UTC: 
 exercises.c | 3 +++
 1 file changed, 3 insertions(+)
 tests:  7|1
total_score: 60/70
c355c82
Thu 16 Mar 2023 12:48:01 AM UTC: 
 exercises.c | 3 ++-
 1 file changed, 2 insertions(+), 1 deletion(-)
 tests:  7|1
total_score: 60/70
78731c6
Thu 16 Mar 2023 12:48:09 AM UTC: 
 exercises.c | 4 ++--
 1 file changed, 2 insertions(+), 2 deletions(-)
 tests:  8|0
total_score: 70/70
bce2fd5
